# JRE version: Java(TM) SE Runtime Environment (17.0.11+7) (build 17.0.11+7-LTS-207)
# Java VM: Java HotSpot(TM) 64-Bit Server VM (17.0.11+7-LTS-207, mixed mode, sharing, tiered, compressed oops, compressed class ptrs, g1 gc, windows-amd64)
GC Precious Log:
 CPUs: 8 total, 8 available
 Memory: 7959M
 Large Page Support: Disabled
 NUMA Support: Disabled
 Compressed Oops: Enabled (32-bit)
 Heap Region Size: 1M
 Heap Min Capacity: 8M
 Heap Initial Capacity: 126M
 Heap Max Capacity: 2G
 Pre-touch: Disabled
 Parallel Workers: 8
 Concurrent Workers: 2
 Concurrent Refinement Workers: 8
 Periodic GC: Disabled
Heap:
 garbage-first heap   total 99328K, used 57617K [0x0000000080000000, 0x0000000100000000)
  region size 1024K, 1 young (1024K), 1 survivors (1024K)
 Metaspace       used 60283K, committed 60992K, reserved 491520K
  class space    used 8509K, committed 8832K, reserved 425984K
GC Heap History (20 events):
Event: 24.473 GC heap after
{Heap after GC invocations=13 (full 0):
 garbage-first heap   total 89088K, used 37697K [0x0000000080000000, 0x0000000100000000)
  region size 1024K, 5 young (5120K), 5 survivors (5120K)
 Metaspace       used 44130K, committed 44672K, reserved 491520K
  class space    used 6204K, committed 6464K, reserved 425984K
}
Event: 26.913 GC heap before
{Heap before GC invocations=13 (full 0):
 garbage-first heap   total 89088K, used 70465K [0x0000000080000000, 0x0000000100000000)
  region size 1024K, 37 young (37888K), 5 survivors (5120K)
 Metaspace       used 47878K, committed 48448K, reserved 491520K
  class space    used 6702K, committed 6976K, reserved 425984K
}
Event: 26.919 GC heap after
{Heap after GC invocations=14 (full 0):
 garbage-first heap   total 89088K, used 38832K [0x0000000080000000, 0x0000000100000000)
  region size 1024K, 4 young (4096K), 4 survivors (4096K)
 Metaspace       used 47878K, committed 48448K, reserved 491520K
  class space    used 6702K, committed 6976K, reserved 425984K
}
Event: 28.011 GC heap before
{Heap before GC invocations=14 (full 0):
 garbage-first heap   total 89088K, used 71600K [0x0000000080000000, 0x0000000100000000)
  region size 1024K, 36 young (36864K), 4 survivors (4096K)
 Metaspace       used 51482K, committed 52096K, reserved 491520K
  class space    used 7287K, committed 7552K, reserved 425984K
}
Event: 28.017 GC heap after
{Heap after GC invocations=15 (full 0):
 garbage-first heap   total 89088K, used 41052K [0x0000000080000000, 0x0000000100000000)
  region size 1024K, 4 young (4096K), 4 survivors (4096K)
 Metaspace       used 51482K, committed 52096K, reserved 491520K
  class space    used 7287K, committed 7552K, reserved 425984K
}
Event: 28.981 GC heap before
{Heap before GC invocations=15 (full 0):
 garbage-first heap   total 89088K, used 70748K [0x0000000080000000, 0x0000000100000000)
  region size 1024K, 34 young (34816K), 4 survivors (4096K)
 Metaspace       used 53004K, committed 53568K, reserved 491520K
  class space    used 7467K, committed 7744K, reserved 425984K
}
Event: 28.989 GC heap after
{Heap after GC invocations=16 (full 0):
 garbage-first heap   total 89088K, used 45016K [0x0000000080000000, 0x0000000100000000)
  region size 1024K, 5 young (5120K), 5 survivors (5120K)
 Metaspace       used 53004K, committed 53568K, reserved 491520K
  class space    used 7467K, committed 7744K, reserved 425984K
}
Event: 29.695 GC heap before
{Heap before GC invocations=16 (full 0):
 garbage-first heap   total 89088K, used 61400K [0x0000000080000000, 0x0000000100000000)
  region size 1024K, 23 young (23552K), 5 survivors (5120K)
 Metaspace       used 53711K, committed 54272K, reserved 491520K
  class space    used 7548K, committed 7808K, reserved 425984K
}
Event: 29.702 GC heap after
{Heap after GC invocations=17 (full 0):
 garbage-first heap   total 89088K, used 47061K [0x0000000080000000, 0x0000000100000000)
  region size 1024K, 4 young (4096K), 4 survivors (4096K)
 Metaspace       used 53711K, committed 54272K, reserved 491520K
  class space    used 7548K, committed 7808K, reserved 425984K
}
Event: 32.225 GC heap before
{Heap before GC invocations=18 (full 0):
 garbage-first heap   total 89088K, used 75733K [0x0000000080000000, 0x0000000100000000)
  region size 1024K, 26 young (26624K), 4 survivors (4096K)
 Metaspace       used 55963K, committed 56640K, reserved 491520K
  class space    used 7849K, committed 8192K, reserved 425984K
}
Event: 32.231 GC heap after
{Heap after GC invocations=19 (full 0):
 garbage-first heap   total 89088K, used 56736K [0x0000000080000000, 0x0000000100000000)
  region size 1024K, 3 young (3072K), 3 survivors (3072K)
 Metaspace       used 55963K, committed 56640K, reserved 491520K
  class space    used 7849K, committed 8192K, reserved 425984K
}
Event: 32.255 GC heap before
{Heap before GC invocations=19 (full 0):
 garbage-first heap   total 89088K, used 57760K [0x0000000080000000, 0x0000000100000000)
  region size 1024K, 4 young (4096K), 3 survivors (3072K)
 Metaspace       used 56024K, committed 56704K, reserved 491520K
  class space    used 7859K, committed 8192K, reserved 425984K
}
Event: 32.259 GC heap after
{Heap after GC invocations=20 (full 0):
 garbage-first heap   total 89088K, used 56391K [0x0000000080000000, 0x0000000100000000)
  region size 1024K, 1 young (1024K), 1 survivors (1024K)
 Metaspace       used 56024K, committed 56704K, reserved 491520K
  class space    used 7859K, committed 8192K, reserved 425984K
}
Event: 32.577 GC heap before
{Heap before GC invocations=20 (full 0):
 garbage-first heap   total 89088K, used 72775K [0x0000000080000000, 0x0000000100000000)
  region size 1024K, 17 young (17408K), 1 survivors (1024K)
 Metaspace       used 57097K, committed 57792K, reserved 491520K
  class space    used 8043K, committed 8384K, reserved 425984K
}
Event: 32.580 GC heap after
{Heap after GC invocations=21 (full 0):
 garbage-first heap   total 89088K, used 56701K [0x0000000080000000, 0x0000000100000000)
  region size 1024K, 1 young (1024K), 1 survivors (1024K)
 Metaspace       used 57097K, committed 57792K, reserved 491520K
  class space    used 8043K, committed 8384K, reserved 425984K
}
Event: 32.963 GC heap before
{Heap before GC invocations=22 (full 0):
 garbage-first heap   total 99328K, used 72061K [0x0000000080000000, 0x0000000100000000)
  region size 1024K, 17 young (17408K), 1 survivors (1024K)
 Metaspace       used 58193K, committed 58880K, reserved 491520K
  class space    used 8195K, committed 8512K, reserved 425984K
}
Event: 32.969 GC heap after
{Heap after GC invocations=23 (full 0):
 garbage-first heap   total 99328K, used 57741K [0x0000000080000000, 0x0000000100000000)
  region size 1024K, 2 young (2048K), 2 survivors (2048K)
 Metaspace       used 58193K, committed 58880K, reserved 491520K
  class space    used 8195K, committed 8512K, reserved 425984K
}
Event: 32.990 GC heap before
{Heap before GC invocations=23 (full 0):
 garbage-first heap   total 99328K, used 59789K [0x0000000080000000, 0x0000000100000000)
  region size 1024K, 4 young (4096K), 2 survivors (2048K)
 Metaspace       used 58379K, committed 59008K, reserved 491520K
  class space    used 8213K, committed 8512K, reserved 425984K
}
Event: 32.995 GC heap after
{Heap after GC invocations=24 (full 0):
 garbage-first heap   total 99328K, used 56950K [0x0000000080000000, 0x0000000100000000)
  region size 1024K, 1 young (1024K), 1 survivors (1024K)
 Metaspace       used 58379K, committed 59008K, reserved 491520K
  class space    used 8213K, committed 8512K, reserved 425984K
}
Event: 33.387 GC heap before
{Heap before GC invocations=24 (full 0):
 garbage-first heap   total 99328K, used 79478K [0x0000000080000000, 0x0000000100000000)
  region size 1024K, 23 young (23552K), 1 survivors (1024K)
 Metaspace       used 60283K, committed 60992K, reserved 491520K
  class space    used 8509K, committed 8832K, reserved 425984K
}

